2017/07/24 08:01:26 [emerg] 1275#1275: open() "./mime.types" failed (2: No such file or directory) in ./nginx.conf:17
2017/07/24 08:02:20 [notice] 1287#1287: signal process started
2017/07/24 08:03:31 [notice] 1294#1294: signal process started
2017/07/24 08:03:38 [error] 1295#1295: *4 lua entry thread aborted: runtime error: /usr/local/openresty/site/lualib/resty/nettle/md5.lua:22: bad argument #1 to 'nettle_md5_init' (cannot convert 'struct MD5state_st [1]' to 'struct md5_ctx *')
stack traceback:
coroutine 0:
	[C]: in function 'nettle_md5_init'
	/usr/local/openresty/site/lualib/resty/nettle/md5.lua:22: in function 'md5'
	content_by_lua(nginx.conf:45):18: in function <content_by_lua(nginx.conf:45):1>, client: 182.133.68.206, server: , request: "GET / HTTP/1.1", host: "httper.cn:8888"
2017/07/24 08:03:38 [error] 1295#1295: *3 lua entry thread aborted: runtime error: /usr/local/openresty/site/lualib/resty/nettle/md5.lua:22: bad argument #1 to 'nettle_md5_init' (cannot convert 'struct MD5state_st [1]' to 'struct md5_ctx *')
stack traceback:
coroutine 0:
	[C]: in function 'nettle_md5_init'
	/usr/local/openresty/site/lualib/resty/nettle/md5.lua:22: in function 'md5'
	content_by_lua(nginx.conf:45):18: in function <content_by_lua(nginx.conf:45):1>, client: 182.133.68.206, server: , request: "GET /favicon.ico HTTP/1.1", host: "httper.cn:8888", referrer: "http://httper.cn:8888/"
2017/07/24 08:04:11 [notice] 1315#1315: signal process started
2017/07/24 08:04:16 [error] 1316#1316: *7 lua entry thread aborted: runtime error: /usr/local/openresty/site/lualib/resty/nettle/md5.lua:22: bad argument #1 to 'nettle_md5_init' (cannot convert 'struct MD5state_st [1]' to 'struct md5_ctx *')
stack traceback:
coroutine 0:
	[C]: in function 'nettle_md5_init'
	/usr/local/openresty/site/lualib/resty/nettle/md5.lua:22: in function 'md5'
	content_by_lua(nginx.conf:45):18: in function <content_by_lua(nginx.conf:45):1>, client: 182.133.68.206, server: , request: "GET / HTTP/1.1", host: "httper.cn:8888"
2017/07/24 08:04:16 [error] 1316#1316: *8 lua entry thread aborted: runtime error: /usr/local/openresty/site/lualib/resty/nettle/md5.lua:22: bad argument #1 to 'nettle_md5_init' (cannot convert 'struct MD5state_st [1]' to 'struct md5_ctx *')
stack traceback:
coroutine 0:
	[C]: in function 'nettle_md5_init'
	/usr/local/openresty/site/lualib/resty/nettle/md5.lua:22: in function 'md5'
	content_by_lua(nginx.conf:45):18: in function <content_by_lua(nginx.conf:45):1>, client: 182.133.68.206, server: , request: "GET /favicon.ico HTTP/1.1", host: "httper.cn:8888", referrer: "http://httper.cn:8888/"
